<?xml version="1.0" encoding="UTF-8"?>
<!-- Generated by org.testng.reporters.JUnitReportReporter -->
<testsuite skipped="0" hostname="DESKTOP-C8P738T" name="Com_ActiTime_Test.ValidLoginLogoutTest" tests="1" failures="0" timestamp="2020-08-09T20:32:49 IST" time="28.163" errors="0">
  <testcase name="ValidLoginLogout" time="28.163" classname="Com_ActiTime_Test.ValidLoginLogoutTest"/>
  <system-out>
The Tiltle is matching:actiTIME - Login The Tiltle is matching:actiTIME - Enter Time-Track  </system-out>
</testsuite> <!-- Com_ActiTime_Test.ValidLoginLogoutTest -->
