<?xml version="1.0" encoding="UTF-8"?>
<!-- Generated by org.testng.reporters.JUnitReportReporter -->
<testsuite skipped="0" hostname="DESKTOP-C8P738T" name="ddd.AA" tests="1" failures="0" timestamp="2020-08-06T23:00:29 IST" time="0.016" errors="0">
  <testcase name="demo" time="0.016" classname="ddd.AA"/>
  <system-out>
FFFF  </system-out>
</testsuite> <!-- ddd.AA -->
