<?xml version="1.0" encoding="UTF-8"?>
<!-- Generated by org.testng.reporters.JUnitReportReporter -->
<testsuite skipped="0" hostname="DESKTOP-C8P738T" name="Com_ActiTime_Test.LoginLogoutTest" tests="1" failures="0" timestamp="2020-08-09T20:35:28 IST" time="28.580" errors="0">
  <testcase name="ValidLoginLogout" time="28.580" classname="Com_ActiTime_Test.LoginLogoutTest"/>
  <system-out>
The Tiltle is matching:actiTIME - Login The Tiltle is matching:actiTIME - Enter Time-Track The Tiltle is matching:actiTIME - Login  </system-out>
</testsuite> <!-- Com_ActiTime_Test.LoginLogoutTest -->
